app/build/intermediates/manifest_merge_blame_file/release/processReleaseMainManifest/manifest-merger-blame-release-report.txt
1<?xml version="1.0" encoding="utf-8"?>
2<manifest xmlns:android="http://schemas.android.com/apk/res/android"
3    package="com.catsmoker.app"
4    android:versionCode="4"
5    android:versionName="1.6" >
6
7    <uses-sdk
8        android:minSdkVersion="27"
9        android:targetSdkVersion="36" />
10
11    <queries>
11-->src\main\AndroidManifest.xml:5:5-13:15
12        <package android:name="moe.shizuku.privileged.api" />
12-->src\main\AndroidManifest.xml:6:9-62
12-->src\main\AndroidManifest.xml:6:18-59
13        <package android:name="ru.zdevs.zarchiver" />
13-->src\main\AndroidManifest.xml:7:9-54
13-->src\main\AndroidManifest.xml:7:18-51
14
15        <intent>
15-->src\main\AndroidManifest.xml:8:9-12:18
16            <action android:name="android.intent.action.VIEW" />
16-->src\main\AndroidManifest.xml:9:13-65
16-->src\main\AndroidManifest.xml:9:21-62
17
18            <category android:name="android.intent.category.BROWSABLE" />
18-->src\main\AndroidManifest.xml:10:13-74
18-->src\main\AndroidManifest.xml:10:23-71
19
20            <data android:scheme="https" />
20-->src\main\AndroidManifest.xml:11:13-44
20-->src\main\AndroidManifest.xml:11:19-41
21        </intent>
22        <!-- End of browser content -->
23        <!-- For CustomTabsService -->
24        <intent>
24-->[com.google.android.gms:play-services-ads-api:24.7.0] AndroidManifest.xml:47:9-49:18
25            <action android:name="android.support.customtabs.action.CustomTabsService" />
25-->[com.google.android.gms:play-services-ads-api:24.7.0] AndroidManifest.xml:48:13-90
25-->[com.google.android.gms:play-services-ads-api:24.7.0] AndroidManifest.xml:48:21-87
26        </intent> <!-- End of CustomTabsService -->
27        <!-- For MRAID capabilities -->
28        <intent>
28-->[com.google.android.gms:play-services-ads-api:24.7.0] AndroidManifest.xml:52:9-56:18
29            <action android:name="android.intent.action.INSERT" />
29-->[com.google.android.gms:play-services-ads-api:24.7.0] AndroidManifest.xml:53:13-67
29-->[com.google.android.gms:play-services-ads-api:24.7.0] AndroidManifest.xml:53:21-64
30
31            <data android:mimeType="vnd.android.cursor.dir/event" />
31-->src\main\AndroidManifest.xml:11:13-44
32        </intent>
33        <intent>
33-->[com.google.android.gms:play-services-ads-api:24.7.0] AndroidManifest.xml:57:9-61:18
34            <action android:name="android.intent.action.VIEW" />
34-->src\main\AndroidManifest.xml:9:13-65
34-->src\main\AndroidManifest.xml:9:21-62
35
36            <data android:scheme="sms" />
36-->src\main\AndroidManifest.xml:11:13-44
36-->src\main\AndroidManifest.xml:11:19-41
37        </intent>
38        <intent>
38-->[com.google.android.gms:play-services-ads-api:24.7.0] AndroidManifest.xml:62:9-66:18
39            <action android:name="android.intent.action.DIAL" />
39-->[com.google.android.gms:play-services-ads-api:24.7.0] AndroidManifest.xml:63:13-65
39-->[com.google.android.gms:play-services-ads-api:24.7.0] AndroidManifest.xml:63:21-62
40
41            <data android:path="tel:" />
41-->src\main\AndroidManifest.xml:11:13-44
42        </intent>
43    </queries>
44
45    <!-- Permissions -->
46    <uses-permission android:name="android.permission.INTERNET" />
46-->src\main\AndroidManifest.xml:16:5-67
46-->src\main\AndroidManifest.xml:16:22-64
47    <uses-permission android:name="android.permission.POST_NOTIFICATIONS" />
47-->src\main\AndroidManifest.xml:17:5-77
47-->src\main\AndroidManifest.xml:17:22-74
48
49    <!-- Legacy storage permissions for Android 12L (API 32) and older -->
50    <uses-permission
50-->src\main\AndroidManifest.xml:20:5-107
51        android:name="android.permission.READ_EXTERNAL_STORAGE"
51-->src\main\AndroidManifest.xml:20:22-77
52        android:maxSdkVersion="32" />
52-->src\main\AndroidManifest.xml:20:78-104
53    <uses-permission
53-->src\main\AndroidManifest.xml:21:5-108
54        android:name="android.permission.WRITE_EXTERNAL_STORAGE"
54-->src\main\AndroidManifest.xml:21:22-78
55        android:maxSdkVersion="32" />
55-->src\main\AndroidManifest.xml:21:79-105
56
57    <!-- Permission for Android 11+ -->
58    <uses-permission android:name="android.permission.MANAGE_EXTERNAL_STORAGE" />
58-->src\main\AndroidManifest.xml:24:5-25:78
58-->src\main\AndroidManifest.xml:24:22-79
59    <uses-permission android:name="android.permission.SYSTEM_ALERT_WINDOW" />
59-->src\main\AndroidManifest.xml:27:5-78
59-->src\main\AndroidManifest.xml:27:22-75
60    <uses-permission android:name="android.permission.FOREGROUND_SERVICE" />
60-->src\main\AndroidManifest.xml:28:5-29:51
60-->src\main\AndroidManifest.xml:28:22-74
61    <uses-permission android:name="android.permission.FOREGROUND_SERVICE_SPECIAL_USE" />
61-->src\main\AndroidManifest.xml:30:5-89
61-->src\main\AndroidManifest.xml:30:22-86
62    <uses-permission android:name="moe.shizuku.manager.permission.API_V23" />
62-->src\main\AndroidManifest.xml:31:5-78
62-->src\main\AndroidManifest.xml:31:22-75
63    <uses-permission android:name="android.permission.ACCESS_NETWORK_STATE" />
63-->[com.google.android.gms:play-services-ads-api:24.7.0] AndroidManifest.xml:25:5-79
63-->[com.google.android.gms:play-services-ads-api:24.7.0] AndroidManifest.xml:25:22-76
64    <uses-permission android:name="com.google.android.gms.permission.AD_ID" />
64-->[com.google.android.gms:play-services-ads-api:24.7.0] AndroidManifest.xml:26:5-79
64-->[com.google.android.gms:play-services-ads-api:24.7.0] AndroidManifest.xml:26:22-76
65    <uses-permission android:name="android.permission.ACCESS_ADSERVICES_AD_ID" />
65-->[com.google.android.gms:play-services-ads-api:24.7.0] AndroidManifest.xml:27:5-82
65-->[com.google.android.gms:play-services-ads-api:24.7.0] AndroidManifest.xml:27:22-79
66    <uses-permission android:name="android.permission.ACCESS_ADSERVICES_ATTRIBUTION" />
66-->[com.google.android.gms:play-services-ads-api:24.7.0] AndroidManifest.xml:28:5-88
66-->[com.google.android.gms:play-services-ads-api:24.7.0] AndroidManifest.xml:28:22-85
67    <uses-permission android:name="android.permission.ACCESS_ADSERVICES_TOPICS" />
67-->[com.google.android.gms:play-services-ads-api:24.7.0] AndroidManifest.xml:29:5-83
67-->[com.google.android.gms:play-services-ads-api:24.7.0] AndroidManifest.xml:29:22-80
68    <uses-permission android:name="android.permission.WAKE_LOCK" />
68-->[com.google.android.gms:play-services-measurement-sdk-api:20.1.2] AndroidManifest.xml:25:5-68
68-->[com.google.android.gms:play-services-measurement-sdk-api:20.1.2] AndroidManifest.xml:25:22-65
69
70    <permission
70-->[androidx.core:core:1.17.0] AndroidManifest.xml:22:5-24:47
71        android:name="com.catsmoker.app.DYNAMIC_RECEIVER_NOT_EXPORTED_PERMISSION"
71-->[androidx.core:core:1.17.0] AndroidManifest.xml:23:9-81
72        android:protectionLevel="signature" />
72-->[androidx.core:core:1.17.0] AndroidManifest.xml:24:9-44
73
74    <uses-permission android:name="com.catsmoker.app.DYNAMIC_RECEIVER_NOT_EXPORTED_PERMISSION" />
74-->[androidx.core:core:1.17.0] AndroidManifest.xml:26:5-97
74-->[androidx.core:core:1.17.0] AndroidManifest.xml:26:22-94
75
76    <application
76-->src\main\AndroidManifest.xml:33:5-96:19
77        android:allowBackup="true"
77-->src\main\AndroidManifest.xml:34:9-35
78        android:appComponentFactory="androidx.core.app.CoreComponentFactory"
78-->[androidx.core:core:1.17.0] AndroidManifest.xml:28:18-86
79        android:dataExtractionRules="@xml/data_extraction_rules"
79-->src\main\AndroidManifest.xml:35:9-65
80        android:extractNativeLibs="false"
81        android:fullBackupContent="@xml/backup_rules"
81-->src\main\AndroidManifest.xml:36:9-54
82        android:icon="@mipmap/ic_launcher"
82-->src\main\AndroidManifest.xml:37:9-43
83        android:label="@string/app_name"
83-->src\main\AndroidManifest.xml:39:9-41
84        android:roundIcon="@mipmap/ic_launcher_round"
84-->src\main\AndroidManifest.xml:38:9-54
85        android:supportsRtl="true"
85-->src\main\AndroidManifest.xml:40:9-35
86        android:theme="@style/Theme.Material3.DayNight.NoActionBar" >
86-->src\main\AndroidManifest.xml:41:9-68
87
88        <!-- LSPosed Module Metadata -->
89        <meta-data
89-->src\main\AndroidManifest.xml:45:9-71
90            android:name="xposedmodule"
90-->src\main\AndroidManifest.xml:45:20-47
91            android:value="true" />
91-->src\main\AndroidManifest.xml:45:48-68
92        <meta-data
92-->src\main\AndroidManifest.xml:46:9-99
93            android:name="xposeddescription"
93-->src\main\AndroidManifest.xml:46:20-52
94            android:value="CatSmoker LSPosed module..." />
94-->src\main\AndroidManifest.xml:46:53-96
95        <meta-data
95-->src\main\AndroidManifest.xml:47:9-73
96            android:name="xposedminversion"
96-->src\main\AndroidManifest.xml:47:20-51
97            android:value="53" />
97-->src\main\AndroidManifest.xml:47:52-70
98        <meta-data
98-->src\main\AndroidManifest.xml:48:9-81
99            android:name="xposedscope"
99-->src\main\AndroidManifest.xml:48:20-46
100            android:resource="@array/scope" />
100-->src\main\AndroidManifest.xml:48:47-78
101
102        <!-- Main Activity -->
103        <activity
103-->src\main\AndroidManifest.xml:51:9-60:20
104            android:name="com.catsmoker.app.MainActivity"
104-->src\main\AndroidManifest.xml:52:13-41
105            android:exported="true"
105-->src\main\AndroidManifest.xml:53:13-36
106            android:launchMode="singleTask"
106-->src\main\AndroidManifest.xml:55:13-44
107            android:theme="@style/Theme.App.Starting" >
107-->src\main\AndroidManifest.xml:54:13-54
108            <intent-filter>
108-->src\main\AndroidManifest.xml:56:13-59:29
109                <action android:name="android.intent.action.MAIN" />
109-->src\main\AndroidManifest.xml:57:17-69
109-->src\main\AndroidManifest.xml:57:25-66
110
111                <category android:name="android.intent.category.LAUNCHER" />
111-->src\main\AndroidManifest.xml:58:17-77
111-->src\main\AndroidManifest.xml:58:27-74
112            </intent-filter>
113        </activity>
114
115        <!-- Other Activities -->
116        <activity
116-->src\main\AndroidManifest.xml:63:9-125
117            android:name="com.catsmoker.app.RootLSPosedActivity"
117-->src\main\AndroidManifest.xml:63:19-54
118            android:exported="false"
118-->src\main\AndroidManifest.xml:63:55-79
119            android:parentActivityName="com.catsmoker.app.MainActivity" />
119-->src\main\AndroidManifest.xml:63:80-122
120        <activity
120-->src\main\AndroidManifest.xml:64:9-122
121            android:name="com.catsmoker.app.FeaturesActivity"
121-->src\main\AndroidManifest.xml:64:19-51
122            android:exported="false"
122-->src\main\AndroidManifest.xml:64:52-76
123            android:parentActivityName="com.catsmoker.app.MainActivity" />
123-->src\main\AndroidManifest.xml:64:77-119
124        <activity
124-->src\main\AndroidManifest.xml:65:9-119
125            android:name="com.catsmoker.app.AboutActivity"
125-->src\main\AndroidManifest.xml:65:19-48
126            android:exported="false"
126-->src\main\AndroidManifest.xml:65:49-73
127            android:parentActivityName="com.catsmoker.app.MainActivity" />
127-->src\main\AndroidManifest.xml:65:74-116
128        <activity
128-->src\main\AndroidManifest.xml:67:9-71:58
129            android:name="com.catsmoker.app.NonRootGuideActivity"
129-->src\main\AndroidManifest.xml:68:13-49
130            android:exported="false"
130-->src\main\AndroidManifest.xml:69:13-37
131            android:label="Non-Root Tools"
131-->src\main\AndroidManifest.xml:70:13-43
132            android:parentActivityName="com.catsmoker.app.MainActivity" />
132-->src\main\AndroidManifest.xml:71:13-55
133
134        <!-- Shizuku Provider -->
135        <provider
136            android:name="rikka.shizuku.ShizukuProvider"
136-->src\main\AndroidManifest.xml:75:13-57
137            android:authorities="com.catsmoker.app.shizuku"
137-->src\main\AndroidManifest.xml:76:13-59
138            android:enabled="true"
138-->src\main\AndroidManifest.xml:78:13-35
139            android:exported="true"
139-->src\main\AndroidManifest.xml:79:13-36
140            android:multiprocess="false"
140-->src\main\AndroidManifest.xml:77:13-41
141            android:permission="android.permission.INTERACT_ACROSS_USERS_FULL" />
141-->src\main\AndroidManifest.xml:80:13-79
142
143        <!-- Service -->
144        <service
144-->src\main\AndroidManifest.xml:84:9-91:19
145            android:name="com.catsmoker.app.CrosshairOverlayService"
145-->src\main\AndroidManifest.xml:85:13-52
146            android:enabled="true"
146-->src\main\AndroidManifest.xml:88:13-35
147            android:exported="false"
147-->src\main\AndroidManifest.xml:86:13-37
148            android:foregroundServiceType="specialUse" >
148-->src\main\AndroidManifest.xml:87:13-55
149            <property
149-->src\main\AndroidManifest.xml:89:13-90:80
150                android:name="android.app.PROPERTY_SPECIAL_USE_FGS_SUBTYPE"
150-->src\main\AndroidManifest.xml:89:23-82
151                android:value="Provides a crosshair overlay for games" />
151-->src\main\AndroidManifest.xml:90:23-77
152        </service>
153
154        <meta-data
154-->src\main\AndroidManifest.xml:93:9-95:69
155            android:name="com.google.android.gms.ads.APPLICATION_ID"
155-->src\main\AndroidManifest.xml:94:13-69
156            android:value="ca-app-pub-3940256099942544~3347511713" />
156-->src\main\AndroidManifest.xml:95:13-67
157        <!-- Include the AdActivity and InAppPurchaseActivity configChanges and themes. -->
158        <activity
158-->[com.google.android.gms:play-services-ads-api:24.7.0] AndroidManifest.xml:73:9-79:43
159            android:name="com.google.android.gms.ads.AdActivity"
159-->[com.google.android.gms:play-services-ads-api:24.7.0] AndroidManifest.xml:74:13-65
160            android:configChanges="keyboard|keyboardHidden|orientation|screenLayout|uiMode|screenSize|smallestScreenSize"
160-->[com.google.android.gms:play-services-ads-api:24.7.0] AndroidManifest.xml:75:13-122
161            android:enableOnBackInvokedCallback="false"
161-->[com.google.android.gms:play-services-ads-api:24.7.0] AndroidManifest.xml:76:13-56
162            android:exported="false"
162-->[com.google.android.gms:play-services-ads-api:24.7.0] AndroidManifest.xml:77:13-37
163            android:theme="@android:style/Theme.Translucent" />
163-->[com.google.android.gms:play-services-ads-api:24.7.0] AndroidManifest.xml:78:13-61
164
165        <provider
165-->[com.google.android.gms:play-services-ads-api:24.7.0] AndroidManifest.xml:81:9-86:43
166            android:name="com.google.android.gms.ads.MobileAdsInitProvider"
166-->[com.google.android.gms:play-services-ads-api:24.7.0] AndroidManifest.xml:82:13-76
167            android:authorities="com.catsmoker.app.mobileadsinitprovider"
167-->[com.google.android.gms:play-services-ads-api:24.7.0] AndroidManifest.xml:83:13-73
168            android:exported="false"
168-->[com.google.android.gms:play-services-ads-api:24.7.0] AndroidManifest.xml:84:13-37
169            android:initOrder="100" />
169-->[com.google.android.gms:play-services-ads-api:24.7.0] AndroidManifest.xml:85:13-36
170
171        <service
171-->[com.google.android.gms:play-services-ads-api:24.7.0] AndroidManifest.xml:88:9-92:43
172            android:name="com.google.android.gms.ads.AdService"
172-->[com.google.android.gms:play-services-ads-api:24.7.0] AndroidManifest.xml:89:13-64
173            android:enabled="true"
173-->[com.google.android.gms:play-services-ads-api:24.7.0] AndroidManifest.xml:90:13-35
174            android:exported="false" />
174-->[com.google.android.gms:play-services-ads-api:24.7.0] AndroidManifest.xml:91:13-37
175
176        <activity
176-->[com.google.android.gms:play-services-ads-api:24.7.0] AndroidManifest.xml:94:9-98:43
177            android:name="com.google.android.gms.ads.OutOfContextTestingActivity"
177-->[com.google.android.gms:play-services-ads-api:24.7.0] AndroidManifest.xml:95:13-82
178            android:configChanges="keyboard|keyboardHidden|orientation|screenLayout|uiMode|screenSize|smallestScreenSize"
178-->[com.google.android.gms:play-services-ads-api:24.7.0] AndroidManifest.xml:96:13-122
179            android:exported="false" />
179-->[com.google.android.gms:play-services-ads-api:24.7.0] AndroidManifest.xml:97:13-37
180        <activity
180-->[com.google.android.gms:play-services-ads-api:24.7.0] AndroidManifest.xml:99:9-106:43
181            android:name="com.google.android.gms.ads.NotificationHandlerActivity"
181-->[com.google.android.gms:play-services-ads-api:24.7.0] AndroidManifest.xml:100:13-82
182            android:excludeFromRecents="true"
182-->[com.google.android.gms:play-services-ads-api:24.7.0] AndroidManifest.xml:101:13-46
183            android:exported="false"
183-->[com.google.android.gms:play-services-ads-api:24.7.0] AndroidManifest.xml:102:13-37
184            android:launchMode="singleTask"
184-->[com.google.android.gms:play-services-ads-api:24.7.0] AndroidManifest.xml:103:13-44
185            android:taskAffinity=""
185-->[com.google.android.gms:play-services-ads-api:24.7.0] AndroidManifest.xml:104:13-36
186            android:theme="@android:style/Theme.Translucent.NoTitleBar" />
186-->[com.google.android.gms:play-services-ads-api:24.7.0] AndroidManifest.xml:105:13-72
187
188        <meta-data
188-->[com.google.android.gms:play-services-ads-api:24.7.0] AndroidManifest.xml:108:9-110:36
189            android:name="com.google.android.gms.ads.flag.OPTIMIZE_AD_LOADING"
189-->[com.google.android.gms:play-services-ads-api:24.7.0] AndroidManifest.xml:109:13-79
190            android:value="true" />
190-->[com.google.android.gms:play-services-ads-api:24.7.0] AndroidManifest.xml:110:13-33
191        <meta-data
191-->[com.google.android.gms:play-services-ads-api:24.7.0] AndroidManifest.xml:111:9-113:36
192            android:name="com.google.android.gms.ads.flag.OPTIMIZE_INITIALIZATION"
192-->[com.google.android.gms:play-services-ads-api:24.7.0] AndroidManifest.xml:112:13-83
193            android:value="true" />
193-->[com.google.android.gms:play-services-ads-api:24.7.0] AndroidManifest.xml:113:13-33
194
195        <activity
195-->[com.google.android.gms:play-services-base:18.0.0] AndroidManifest.xml:20:9-22:45
196            android:name="com.google.android.gms.common.api.GoogleApiActivity"
196-->[com.google.android.gms:play-services-base:18.0.0] AndroidManifest.xml:20:19-85
197            android:exported="false"
197-->[com.google.android.gms:play-services-base:18.0.0] AndroidManifest.xml:22:19-43
198            android:theme="@android:style/Theme.Translucent.NoTitleBar" />
198-->[com.google.android.gms:play-services-base:18.0.0] AndroidManifest.xml:21:19-78
199
200        <meta-data
200-->[com.google.android.gms:play-services-basement:18.4.0] AndroidManifest.xml:6:9-122
201            android:name="com.google.android.gms.version"
201-->[com.google.android.gms:play-services-basement:18.4.0] AndroidManifest.xml:6:20-65
202            android:value="@integer/google_play_services_version" />
202-->[com.google.android.gms:play-services-basement:18.4.0] AndroidManifest.xml:6:66-119
203
204        <provider
204-->[androidx.emoji2:emoji2:1.3.0] AndroidManifest.xml:24:9-32:20
205            android:name="androidx.startup.InitializationProvider"
205-->[androidx.emoji2:emoji2:1.3.0] AndroidManifest.xml:25:13-67
206            android:authorities="com.catsmoker.app.androidx-startup"
206-->[androidx.emoji2:emoji2:1.3.0] AndroidManifest.xml:26:13-68
207            android:exported="false" >
207-->[androidx.emoji2:emoji2:1.3.0] AndroidManifest.xml:27:13-37
208            <meta-data
208-->[androidx.emoji2:emoji2:1.3.0] AndroidManifest.xml:29:13-31:52
209                android:name="androidx.emoji2.text.EmojiCompatInitializer"
209-->[androidx.emoji2:emoji2:1.3.0] AndroidManifest.xml:30:17-75
210                android:value="androidx.startup" />
210-->[androidx.emoji2:emoji2:1.3.0] AndroidManifest.xml:31:17-49
211            <meta-data
211-->[androidx.work:work-runtime:2.7.0] AndroidManifest.xml:36:13-38:52
212                android:name="androidx.work.WorkManagerInitializer"
212-->[androidx.work:work-runtime:2.7.0] AndroidManifest.xml:37:17-68
213                android:value="androidx.startup" />
213-->[androidx.work:work-runtime:2.7.0] AndroidManifest.xml:38:17-49
214            <meta-data
214-->[androidx.lifecycle:lifecycle-process:2.6.2] AndroidManifest.xml:29:13-31:52
215                android:name="androidx.lifecycle.ProcessLifecycleInitializer"
215-->[androidx.lifecycle:lifecycle-process:2.6.2] AndroidManifest.xml:30:17-78
216                android:value="androidx.startup" />
216-->[androidx.lifecycle:lifecycle-process:2.6.2] AndroidManifest.xml:31:17-49
217            <meta-data
217-->[androidx.profileinstaller:profileinstaller:1.4.0] AndroidManifest.xml:29:13-31:52
218                android:name="androidx.profileinstaller.ProfileInstallerInitializer"
218-->[androidx.profileinstaller:profileinstaller:1.4.0] AndroidManifest.xml:30:17-85
219                android:value="androidx.startup" />
219-->[androidx.profileinstaller:profileinstaller:1.4.0] AndroidManifest.xml:31:17-49
220        </provider>
221
222        <uses-library
222-->[androidx.privacysandbox.ads:ads-adservices:1.0.0-beta05] AndroidManifest.xml:23:9-25:40
223            android:name="android.ext.adservices"
223-->[androidx.privacysandbox.ads:ads-adservices:1.0.0-beta05] AndroidManifest.xml:24:13-50
224            android:required="false" />
224-->[androidx.privacysandbox.ads:ads-adservices:1.0.0-beta05] AndroidManifest.xml:25:13-37
225
226        <service
226-->[androidx.work:work-runtime:2.7.0] AndroidManifest.xml:41:9-46:35
227            android:name="androidx.work.impl.background.systemalarm.SystemAlarmService"
227-->[androidx.work:work-runtime:2.7.0] AndroidManifest.xml:42:13-88
228            android:directBootAware="false"
228-->[androidx.work:work-runtime:2.7.0] AndroidManifest.xml:43:13-44
229            android:enabled="@bool/enable_system_alarm_service_default"
229-->[androidx.work:work-runtime:2.7.0] AndroidManifest.xml:44:13-72
230            android:exported="false" />
230-->[androidx.work:work-runtime:2.7.0] AndroidManifest.xml:45:13-37
231        <service
231-->[androidx.work:work-runtime:2.7.0] AndroidManifest.xml:47:9-53:35
232            android:name="androidx.work.impl.background.systemjob.SystemJobService"
232-->[androidx.work:work-runtime:2.7.0] AndroidManifest.xml:48:13-84
233            android:directBootAware="false"
233-->[androidx.work:work-runtime:2.7.0] AndroidManifest.xml:49:13-44
234            android:enabled="@bool/enable_system_job_service_default"
234-->[androidx.work:work-runtime:2.7.0] AndroidManifest.xml:50:13-70
235            android:exported="true"
235-->[androidx.work:work-runtime:2.7.0] AndroidManifest.xml:51:13-36
236            android:permission="android.permission.BIND_JOB_SERVICE" />
236-->[androidx.work:work-runtime:2.7.0] AndroidManifest.xml:52:13-69
237        <service
237-->[androidx.work:work-runtime:2.7.0] AndroidManifest.xml:54:9-59:35
238            android:name="androidx.work.impl.foreground.SystemForegroundService"
238-->[androidx.work:work-runtime:2.7.0] AndroidManifest.xml:55:13-81
239            android:directBootAware="false"
239-->[androidx.work:work-runtime:2.7.0] AndroidManifest.xml:56:13-44
240            android:enabled="@bool/enable_system_foreground_service_default"
240-->[androidx.work:work-runtime:2.7.0] AndroidManifest.xml:57:13-77
241            android:exported="false" />
241-->[androidx.work:work-runtime:2.7.0] AndroidManifest.xml:58:13-37
242
243        <receiver
243-->[androidx.work:work-runtime:2.7.0] AndroidManifest.xml:61:9-66:35
244            android:name="androidx.work.impl.utils.ForceStopRunnable$BroadcastReceiver"
244-->[androidx.work:work-runtime:2.7.0] AndroidManifest.xml:62:13-88
245            android:directBootAware="false"
245-->[androidx.work:work-runtime:2.7.0] AndroidManifest.xml:63:13-44
246            android:enabled="true"
246-->[androidx.work:work-runtime:2.7.0] AndroidManifest.xml:64:13-35
247            android:exported="false" />
247-->[androidx.work:work-runtime:2.7.0] AndroidManifest.xml:65:13-37
248        <receiver
248-->[androidx.work:work-runtime:2.7.0] AndroidManifest.xml:67:9-77:20
249            android:name="androidx.work.impl.background.systemalarm.ConstraintProxy$BatteryChargingProxy"
249-->[androidx.work:work-runtime:2.7.0] AndroidManifest.xml:68:13-106
250            android:directBootAware="false"
250-->[androidx.work:work-runtime:2.7.0] AndroidManifest.xml:69:13-44
251            android:enabled="false"
251-->[androidx.work:work-runtime:2.7.0] AndroidManifest.xml:70:13-36
252            android:exported="false" >
252-->[androidx.work:work-runtime:2.7.0] AndroidManifest.xml:71:13-37
253            <intent-filter>
253-->[androidx.work:work-runtime:2.7.0] AndroidManifest.xml:73:13-76:29
254                <action android:name="android.intent.action.ACTION_POWER_CONNECTED" />
254-->[androidx.work:work-runtime:2.7.0] AndroidManifest.xml:74:17-87
254-->[androidx.work:work-runtime:2.7.0] AndroidManifest.xml:74:25-84
255                <action android:name="android.intent.action.ACTION_POWER_DISCONNECTED" />
255-->[androidx.work:work-runtime:2.7.0] AndroidManifest.xml:75:17-90
255-->[androidx.work:work-runtime:2.7.0] AndroidManifest.xml:75:25-87
256            </intent-filter>
257        </receiver>
258        <receiver
258-->[androidx.work:work-runtime:2.7.0] AndroidManifest.xml:78:9-88:20
259            android:name="androidx.work.impl.background.systemalarm.ConstraintProxy$BatteryNotLowProxy"
259-->[androidx.work:work-runtime:2.7.0] AndroidManifest.xml:79:13-104
260            android:directBootAware="false"
260-->[androidx.work:work-runtime:2.7.0] AndroidManifest.xml:80:13-44
261            android:enabled="false"
261-->[androidx.work:work-runtime:2.7.0] AndroidManifest.xml:81:13-36
262            android:exported="false" >
262-->[androidx.work:work-runtime:2.7.0] AndroidManifest.xml:82:13-37
263            <intent-filter>
263-->[androidx.work:work-runtime:2.7.0] AndroidManifest.xml:84:13-87:29
264                <action android:name="android.intent.action.BATTERY_OKAY" />
264-->[androidx.work:work-runtime:2.7.0] AndroidManifest.xml:85:17-77
264-->[androidx.work:work-runtime:2.7.0] AndroidManifest.xml:85:25-74
265                <action android:name="android.intent.action.BATTERY_LOW" />
265-->[androidx.work:work-runtime:2.7.0] AndroidManifest.xml:86:17-76
265-->[androidx.work:work-runtime:2.7.0] AndroidManifest.xml:86:25-73
266            </intent-filter>
267        </receiver>
268        <receiver
268-->[androidx.work:work-runtime:2.7.0] AndroidManifest.xml:89:9-99:20
269            android:name="androidx.work.impl.background.systemalarm.ConstraintProxy$StorageNotLowProxy"
269-->[androidx.work:work-runtime:2.7.0] AndroidManifest.xml:90:13-104
270            android:directBootAware="false"
270-->[androidx.work:work-runtime:2.7.0] AndroidManifest.xml:91:13-44
271            android:enabled="false"
271-->[androidx.work:work-runtime:2.7.0] AndroidManifest.xml:92:13-36
272            android:exported="false" >
272-->[androidx.work:work-runtime:2.7.0] AndroidManifest.xml:93:13-37
273            <intent-filter>
273-->[androidx.work:work-runtime:2.7.0] AndroidManifest.xml:95:13-98:29
274                <action android:name="android.intent.action.DEVICE_STORAGE_LOW" />
274-->[androidx.work:work-runtime:2.7.0] AndroidManifest.xml:96:17-83
274-->[androidx.work:work-runtime:2.7.0] AndroidManifest.xml:96:25-80
275                <action android:name="android.intent.action.DEVICE_STORAGE_OK" />
275-->[androidx.work:work-runtime:2.7.0] AndroidManifest.xml:97:17-82
275-->[androidx.work:work-runtime:2.7.0] AndroidManifest.xml:97:25-79
276            </intent-filter>
277        </receiver>
278        <receiver
278-->[androidx.work:work-runtime:2.7.0] AndroidManifest.xml:100:9-109:20
279            android:name="androidx.work.impl.background.systemalarm.ConstraintProxy$NetworkStateProxy"
279-->[androidx.work:work-runtime:2.7.0] AndroidManifest.xml:101:13-103
280            android:directBootAware="false"
280-->[androidx.work:work-runtime:2.7.0] AndroidManifest.xml:102:13-44
281            android:enabled="false"
281-->[androidx.work:work-runtime:2.7.0] AndroidManifest.xml:103:13-36
282            android:exported="false" >
282-->[androidx.work:work-runtime:2.7.0] AndroidManifest.xml:104:13-37
283            <intent-filter>
283-->[androidx.work:work-runtime:2.7.0] AndroidManifest.xml:106:13-108:29
284                <action android:name="android.net.conn.CONNECTIVITY_CHANGE" />
284-->[androidx.work:work-runtime:2.7.0] AndroidManifest.xml:107:17-79
284-->[androidx.work:work-runtime:2.7.0] AndroidManifest.xml:107:25-76
285            </intent-filter>
286        </receiver>
287        <receiver
287-->[androidx.work:work-runtime:2.7.0] AndroidManifest.xml:110:9-121:20
288            android:name="androidx.work.impl.background.systemalarm.RescheduleReceiver"
288-->[androidx.work:work-runtime:2.7.0] AndroidManifest.xml:111:13-88
289            android:directBootAware="false"
289-->[androidx.work:work-runtime:2.7.0] AndroidManifest.xml:112:13-44
290            android:enabled="false"
290-->[androidx.work:work-runtime:2.7.0] AndroidManifest.xml:113:13-36
291            android:exported="false" >
291-->[androidx.work:work-runtime:2.7.0] AndroidManifest.xml:114:13-37
292            <intent-filter>
292-->[androidx.work:work-runtime:2.7.0] AndroidManifest.xml:116:13-120:29
293                <action android:name="android.intent.action.BOOT_COMPLETED" />
293-->[androidx.work:work-runtime:2.7.0] AndroidManifest.xml:117:17-79
293-->[androidx.work:work-runtime:2.7.0] AndroidManifest.xml:117:25-76
294                <action android:name="android.intent.action.TIME_SET" />